
> react-typescript-starter@0.1.0 test
> react-scripts test "--coverage"

PASS src/nested.test.ts
PASS src/arrays.test.ts
PASS src/objects.test.ts
PASS src/functions.test.ts
PASS src/App.test.tsx
----------------|---------|----------|---------|---------|-------------------
File            | % Stmts | % Branch | % Funcs | % Lines | Uncovered Line #s 
----------------|---------|----------|---------|---------|-------------------
All files       |   95.16 |    90.47 |   98.68 |   94.97 |                   
 src            |   95.16 |    90.47 |   98.68 |   94.97 |                   
  App.tsx       |      50 |      100 |      50 |      50 | 25                
  arrays.ts     |   89.85 |       80 |     100 |   88.88 | 20-27             
  functions.ts  |     100 |      100 |     100 |     100 |                   
  nested.ts     |   98.52 |    95.65 |     100 |    98.5 | 233               
  objects.ts    |     100 |      100 |     100 |     100 |                   
 src/interfaces |       0 |        0 |       0 |       0 |                   
  answer.ts     |       0 |        0 |       0 |       0 |                   
  question.ts   |       0 |        0 |       0 |       0 |                   
----------------|---------|----------|---------|---------|-------------------

Test Suites: 5 passed, 5 total
Tests:       41 passed, 41 total
Snapshots:   0 total
Time:        3.441 s
Ran all test suites.
